<?xml version="1.0" encoding="UTF-8"?>
<testng-results ignored="0" total="2" passed="2" failed="0" skipped="0">
  <reporter-output>
  </reporter-output>
  <suite started-at="2026-06-07T13:49:09 IST" name="Default suite" finished-at="2026-06-07T13:50:18 IST" duration-ms="68602">
    <groups>
    </groups>
    <test started-at="2026-06-07T13:49:09 IST" name="Default test" finished-at="2026-06-07T13:50:18 IST" duration-ms="68602">
      <class name="testCases.login">
        <test-method is-config="true" signature="setup()[pri:0, instance:testCases.login@57250572]" started-at="2026-06-07T13:49:08 IST" name="setup" finished-at="2026-06-07T13:49:09 IST" duration-ms="1263" status="PASS">
          <reporter-output>
          </reporter-output>
        </test-method> <!-- setup -->
        <test-method is-config="true" signature="init()[pri:0, instance:testCases.login@57250572]" started-at="2026-06-07T13:49:09 IST" name="init" finished-at="2026-06-07T13:49:17 IST" duration-ms="7924" status="PASS">
          <reporter-output>
          </reporter-output>
        </test-method> <!-- init -->
        <test-method signature="Invaild_Login_TC02()[pri:0, instance:testCases.login@57250572]" started-at="2026-06-07T13:49:17 IST" name="Invaild_Login_TC02" finished-at="2026-06-07T13:50:07 IST" duration-ms="50382" status="PASS">
          <reporter-output>
          </reporter-output>
        </test-method> <!-- Invaild_Login_TC02 -->
        <test-method is-config="true" signature="tearDown()[pri:0, instance:testCases.login@57250572]" started-at="2026-06-07T13:50:09 IST" name="tearDown" finished-at="2026-06-07T13:50:09 IST" duration-ms="481" status="PASS">
          <reporter-output>
          </reporter-output>
        </test-method> <!-- tearDown -->
        <test-method is-config="true" signature="init()[pri:0, instance:testCases.login@57250572]" started-at="2026-06-07T13:50:09 IST" name="init" finished-at="2026-06-07T13:50:17 IST" duration-ms="8197" status="PASS">
          <reporter-output>
          </reporter-output>
        </test-method> <!-- init -->
        <test-method signature="Login()[pri:0, instance:testCases.login@57250572]" started-at="2026-06-07T13:50:17 IST" name="Login" finished-at="2026-06-07T13:50:17 IST" duration-ms="7" status="PASS">
          <reporter-output>
          </reporter-output>
        </test-method> <!-- Login -->
        <test-method is-config="true" signature="tearDown()[pri:0, instance:testCases.login@57250572]" started-at="2026-06-07T13:50:17 IST" name="tearDown" finished-at="2026-06-07T13:50:18 IST" duration-ms="338" status="PASS">
          <reporter-output>
          </reporter-output>
        </test-method> <!-- tearDown -->
      </class> <!-- testCases.login -->
    </test> <!-- Default test -->
  </suite> <!-- Default suite -->
</testng-results>
