<?xml version="1.0" encoding="UTF-8"?>
<testng-results ignored="0" total="2" passed="2" failed="0" skipped="0">
  <reporter-output>
  </reporter-output>
  <suite started-at="2026-06-23T21:54:27 IST" name="Default suite" finished-at="2026-06-23T21:54:51 IST" duration-ms="24000">
    <groups>
    </groups>
    <test started-at="2026-06-23T21:54:27 IST" name="Default test" finished-at="2026-06-23T21:54:51 IST" duration-ms="24000">
      <class name="testCases.login">
        <test-method is-config="true" signature="setup()[pri:0, instance:testCases.login@210ab13f]" started-at="2026-06-23T21:54:27 IST" name="setup" finished-at="2026-06-23T21:54:27 IST" duration-ms="351" status="PASS">
          <reporter-output>
          </reporter-output>
        </test-method> <!-- setup -->
        <test-method is-config="true" signature="init()[pri:0, instance:testCases.login@210ab13f]" started-at="2026-06-23T21:54:27 IST" name="init" finished-at="2026-06-23T21:54:33 IST" duration-ms="5645" status="PASS">
          <reporter-output>
          </reporter-output>
        </test-method> <!-- init -->
        <test-method signature="Invaild_Login_TC02()[pri:0, instance:testCases.login@210ab13f]" started-at="2026-06-23T21:54:33 IST" name="Invaild_Login_TC02" finished-at="2026-06-23T21:54:44 IST" duration-ms="10952" status="PASS">
          <reporter-output>
          </reporter-output>
        </test-method> <!-- Invaild_Login_TC02 -->
        <test-method is-config="true" signature="tearDown()[pri:0, instance:testCases.login@210ab13f]" started-at="2026-06-23T21:54:45 IST" name="tearDown" finished-at="2026-06-23T21:54:46 IST" duration-ms="470" status="PASS">
          <reporter-output>
          </reporter-output>
        </test-method> <!-- tearDown -->
        <test-method is-config="true" signature="init()[pri:0, instance:testCases.login@210ab13f]" started-at="2026-06-23T21:54:46 IST" name="init" finished-at="2026-06-23T21:54:51 IST" duration-ms="5206" status="PASS">
          <reporter-output>
          </reporter-output>
        </test-method> <!-- init -->
        <test-method signature="Login()[pri:0, instance:testCases.login@210ab13f]" started-at="2026-06-23T21:54:51 IST" name="Login" finished-at="2026-06-23T21:54:51 IST" duration-ms="1" status="PASS">
          <reporter-output>
          </reporter-output>
        </test-method> <!-- Login -->
        <test-method is-config="true" signature="tearDown()[pri:0, instance:testCases.login@210ab13f]" started-at="2026-06-23T21:54:51 IST" name="tearDown" finished-at="2026-06-23T21:54:51 IST" duration-ms="299" status="PASS">
          <reporter-output>
          </reporter-output>
        </test-method> <!-- tearDown -->
      </class> <!-- testCases.login -->
    </test> <!-- Default test -->
  </suite> <!-- Default suite -->
</testng-results>
